Using pre-set license
Built from '2020.3/staging' branch; Version is '2020.3.6f1 (338bb68529b2) revision 3378102'; Using compiler version '192528614'; Build Type 'Release'
OS: 'Windows 10 Pro; OS build 19042.928; Version 2009; 64bit' Language: 'ru' Physical Memory: 4054 MB
BatchMode: 1, IsHumanControllingUs: 0, StartBugReporterOnCrash: 0, Is64bit: 1, IsPro: 0

 COMMAND LINE ARGUMENTS:
C:\Program Files\Unity\Hub\Editor\2020.3.6f1\Editor\Unity.exe
-adb2
-batchMode
-noUpm
-name
AssetImportWorker1
-projectPath
D:/My Project/Project-Gnome-
-logFile
Logs/AssetImportWorker1.log
-srvPort
56570
Successfully changed project path to: D:/My Project/Project-Gnome-
D:/My Project/Project-Gnome-
Using Asset Import Pipeline V2.
Refreshing native plugins compatible for Editor in 61.00 ms, found 1 plugins.
Preloading 0 native plugins for Editor in 0.00 ms.
Initialize engine version: 2020.3.6f1 (338bb68529b2)
[Subsystems] Discovering subsystems at path C:/Program Files/Unity/Hub/Editor/2020.3.6f1/Editor/Data/Resources/UnitySubsystems
[Subsystems] Discovering subsystems at path D:/My Project/Project-Gnome-/Assets
GfxDevice: creating device client; threaded=0
Direct3D:
    Version:  Direct3D 11.0 [level 11.0]
    Renderer: NVIDIA GeForce GTX 750 Ti (ID=0x1380)
    Vendor:   
    VRAM:     2007 MB
    Driver:   27.21.14.5671
Initialize mono
Mono path[0] = 'C:/Program Files/Unity/Hub/Editor/2020.3.6f1/Editor/Data/Managed'
Mono path[1] = 'C:/Program Files/Unity/Hub/Editor/2020.3.6f1/Editor/Data/MonoBleedingEdge/lib/mono/unityjit'
Mono config path = 'C:/Program Files/Unity/Hub/Editor/2020.3.6f1/Editor/Data/MonoBleedingEdge/etc'
Using monoOptions --debugger-agent=transport=dt_socket,embedding=1,server=y,suspend=n,address=127.0.0.1:56636
Begin MonoManager ReloadAssembly
Registering precompiled unity dll's ...
Register platform support module: C:/Program Files/Unity/Hub/Editor/2020.3.6f1/Editor/Data/PlaybackEngines/WebGLSupport/UnityEditor.WebGL.Extensions.dll
Register platform support module: C:/Program Files/Unity/Hub/Editor/2020.3.6f1/Editor/Data/PlaybackEngines/WindowsStandaloneSupport/UnityEditor.WindowsStandalone.Extensions.dll
Registered in 0.005126 seconds.
Native extension for WindowsStandalone target not found
Native extension for WebGL target not found
Refreshing native plugins compatible for Editor in 59.77 ms, found 1 plugins.
Preloading 0 native plugins for Editor in 0.00 ms.
Mono: successfully reloaded assembly
- Completed reload, in  3.899 seconds
Platform modules already initialized, skipping
Registering precompiled user dll's ...
Registered in 0.001081 seconds.
Begin MonoManager ReloadAssembly
Native extension for WindowsStandalone target not found
Native extension for WebGL target not found
Refreshing native plugins compatible for Editor in 57.41 ms, found 1 plugins.
Preloading 0 native plugins for Editor in 0.00 ms.
Mono: successfully reloaded assembly
- Completed reload, in  2.387 seconds
Platform modules already initialized, skipping
========================================================================
Worker process is ready to serve import requests
Launched and connected shader compiler UnityShaderCompiler.exe after 0.10 seconds
Refreshing native plugins compatible for Editor in 1.15 ms, found 1 plugins.
Preloading 0 native plugins for Editor in 0.00 ms.
Unloading 1808 Unused Serialized files (Serialized files now loaded: 0)
System memory in use before: 84.9 MB.
System memory in use after: 84.8 MB.

Unloading 24 unused Assets to reduce memory usage. Loaded Objects now: 2250.
Total: 3.582500 ms (FindLiveObjects: 0.429800 ms CreateObjectMapping: 0.125600 ms MarkObjects: 2.781800 ms  DeleteObjects: 0.243200 ms)

========================================================================
Received Import Request.
  path: Assets/Scenes/Level1.unity
  artifactKey: Guid(2cda990e2423bbf4892e6590ba056729) Importer(815301076,1909f56bfc062723c751e8b465ee728b)
Start importing Assets/Scenes/Level1.unity using Guid(2cda990e2423bbf4892e6590ba056729) Importer(815301076,1909f56bfc062723c751e8b465ee728b)  -> (artifact id: '8c9030d6f2a0267d1090e6ee010ed72e') in 0.030004 seconds
  Import took 0.052785 seconds .

========================================================================
Received Import Request.
  Time since last request: 405.317772 seconds.
  path: Assets/Scenes/Gnom.prefab
  artifactKey: Guid(612fa7599dfe6654f98d2353e7c80de6) Importer(815301076,1909f56bfc062723c751e8b465ee728b)
Start importing Assets/Scenes/Gnom.prefab using Guid(612fa7599dfe6654f98d2353e7c80de6) Importer(815301076,1909f56bfc062723c751e8b465ee728b)  -> (artifact id: 'c9e0dbbb1b1d18a9254a85cdda4bf398') in 0.258654 seconds
  Import took 0.344568 seconds .

========================================================================
Received Import Request.
  Time since last request: 145.719484 seconds.
  path: Assets/Scenes/Gnom.prefab
  artifactKey: Guid(612fa7599dfe6654f98d2353e7c80de6) Importer(815301076,1909f56bfc062723c751e8b465ee728b)
Start importing Assets/Scenes/Gnom.prefab using Guid(612fa7599dfe6654f98d2353e7c80de6) Importer(815301076,1909f56bfc062723c751e8b465ee728b)  -> (artifact id: 'e17a2312993d58a31b896c71b0710bf5') in 0.016173 seconds
  Import took 0.046377 seconds .

========================================================================
Received Import Request.
  Time since last request: 10.027988 seconds.
  path: Assets/Scenes/Gnom.prefab
  artifactKey: Guid(612fa7599dfe6654f98d2353e7c80de6) Importer(815301076,1909f56bfc062723c751e8b465ee728b)
Start importing Assets/Scenes/Gnom.prefab using Guid(612fa7599dfe6654f98d2353e7c80de6) Importer(815301076,1909f56bfc062723c751e8b465ee728b)  -> (artifact id: 'cccde3ae2ffdd788e77d0670cf39dd1f') in 0.255644 seconds
  Import took 0.268824 seconds .

========================================================================
Received Import Request.
  Time since last request: 17.372275 seconds.
  path: Assets/Scenes/Gnom.prefab
  artifactKey: Guid(612fa7599dfe6654f98d2353e7c80de6) Importer(815301076,1909f56bfc062723c751e8b465ee728b)
Start importing Assets/Scenes/Gnom.prefab using Guid(612fa7599dfe6654f98d2353e7c80de6) Importer(815301076,1909f56bfc062723c751e8b465ee728b)  -> (artifact id: 'a3d8fd202f7101775599b1e2bcdc730d') in 0.023890 seconds
  Import took 0.043230 seconds .

========================================================================
Received Import Request.
  Time since last request: 3.847964 seconds.
  path: Assets/Scenes/Gnom.prefab
  artifactKey: Guid(612fa7599dfe6654f98d2353e7c80de6) Importer(815301076,1909f56bfc062723c751e8b465ee728b)
Start importing Assets/Scenes/Gnom.prefab using Guid(612fa7599dfe6654f98d2353e7c80de6) Importer(815301076,1909f56bfc062723c751e8b465ee728b)  -> (artifact id: '0855eb8509ac373f01386ff6f7169947') in 0.021567 seconds
  Import took 0.036648 seconds .

========================================================================
Received Import Request.
  Time since last request: 6.648966 seconds.
  path: Assets/Scenes/Gnom.prefab
  artifactKey: Guid(612fa7599dfe6654f98d2353e7c80de6) Importer(815301076,1909f56bfc062723c751e8b465ee728b)
Start importing Assets/Scenes/Gnom.prefab using Guid(612fa7599dfe6654f98d2353e7c80de6) Importer(815301076,1909f56bfc062723c751e8b465ee728b)  -> (artifact id: 'c0bc8088400ac258242d9c82f4664386') in 0.045158 seconds
  Import took 0.055778 seconds .

========================================================================
Received Import Request.
  Time since last request: 62.492886 seconds.
  path: Assets/Scenes/Gnom.prefab
  artifactKey: Guid(612fa7599dfe6654f98d2353e7c80de6) Importer(815301076,1909f56bfc062723c751e8b465ee728b)
Start importing Assets/Scenes/Gnom.prefab using Guid(612fa7599dfe6654f98d2353e7c80de6) Importer(815301076,1909f56bfc062723c751e8b465ee728b)  -> (artifact id: '93a1f06341f3b54385dcfa90a69803cd') in 0.033060 seconds
  Import took 0.052695 seconds .

========================================================================
Received Import Request.
  Time since last request: 16.897772 seconds.
  path: Assets/Scenes/Gnom.prefab
  artifactKey: Guid(612fa7599dfe6654f98d2353e7c80de6) Importer(815301076,1909f56bfc062723c751e8b465ee728b)
Start importing Assets/Scenes/Gnom.prefab using Guid(612fa7599dfe6654f98d2353e7c80de6) Importer(815301076,1909f56bfc062723c751e8b465ee728b)  -> (artifact id: '9deee51a9e4609e4144a6fdb874c1ea8') in 0.033928 seconds
  Import took 0.050947 seconds .

========================================================================
Received Import Request.
  Time since last request: 234.218037 seconds.
  path: Assets/Scenes
  artifactKey: Guid(384a027d68cd97b46adae22084233892) Importer(815301076,1909f56bfc062723c751e8b465ee728b)
Start importing Assets/Scenes using Guid(384a027d68cd97b46adae22084233892) Importer(815301076,1909f56bfc062723c751e8b465ee728b)  -> (artifact id: '00111497f58e2cef01913e825642b29b') in 0.019238 seconds
  Import took 0.046645 seconds .

========================================================================
Received Import Request.
  Time since last request: 11.530199 seconds.
  path: Assets/Scenes/Level1.unity
  artifactKey: Guid(2cda990e2423bbf4892e6590ba056729) Importer(815301076,1909f56bfc062723c751e8b465ee728b)
Start importing Assets/Scenes/Level1.unity using Guid(2cda990e2423bbf4892e6590ba056729) Importer(815301076,1909f56bfc062723c751e8b465ee728b)  -> (artifact id: '60be16f0fdb82385aeb32b3eeba40fae') in 0.003433 seconds
  Import took 0.022685 seconds .

========================================================================
Received Import Request.
  Time since last request: 230.106041 seconds.
  path: Assets/Scenes/TestFoma.unity
  artifactKey: Guid(33e624fcb1d6da0468596b3fdcee06c6) Importer(815301076,1909f56bfc062723c751e8b465ee728b)
Start importing Assets/Scenes/TestFoma.unity using Guid(33e624fcb1d6da0468596b3fdcee06c6) Importer(815301076,1909f56bfc062723c751e8b465ee728b)  -> (artifact id: 'dfb10ecd694e617ed9f5be6cc1d75c96') in 0.017021 seconds
  Import took 0.046876 seconds .

AssetImportWorkerClient::OnTransportError - code=2 error=End of file
