Using pre-set license
Built from '2020.3/staging' branch; Version is '2020.3.6f1 (338bb68529b2) revision 3378102'; Using compiler version '192528614'; Build Type 'Release'
OS: 'Windows 10 Pro; OS build 19042.928; Version 2009; 64bit' Language: 'ru' Physical Memory: 4054 MB
BatchMode: 1, IsHumanControllingUs: 0, StartBugReporterOnCrash: 0, Is64bit: 1, IsPro: 0

 COMMAND LINE ARGUMENTS:
C:\Program Files\Unity\Hub\Editor\2020.3.6f1\Editor\Unity.exe
-adb2
-batchMode
-noUpm
-name
AssetImportWorker0
-projectPath
D:/My Project/Project-Gnome-
-logFile
Logs/AssetImportWorker0.log
-srvPort
55512
Successfully changed project path to: D:/My Project/Project-Gnome-
D:/My Project/Project-Gnome-
Using Asset Import Pipeline V2.
Refreshing native plugins compatible for Editor in 156.27 ms, found 1 plugins.
Preloading 0 native plugins for Editor in 0.00 ms.
Initialize engine version: 2020.3.6f1 (338bb68529b2)
[Subsystems] Discovering subsystems at path C:/Program Files/Unity/Hub/Editor/2020.3.6f1/Editor/Data/Resources/UnitySubsystems
[Subsystems] Discovering subsystems at path D:/My Project/Project-Gnome-/Assets
GfxDevice: creating device client; threaded=0
Direct3D:
    Version:  Direct3D 11.0 [level 11.0]
    Renderer: NVIDIA GeForce GTX 750 Ti (ID=0x1380)
    Vendor:   
    VRAM:     2007 MB
    Driver:   27.21.14.5671
Initialize mono
Mono path[0] = 'C:/Program Files/Unity/Hub/Editor/2020.3.6f1/Editor/Data/Managed'
Mono path[1] = 'C:/Program Files/Unity/Hub/Editor/2020.3.6f1/Editor/Data/MonoBleedingEdge/lib/mono/unityjit'
Mono config path = 'C:/Program Files/Unity/Hub/Editor/2020.3.6f1/Editor/Data/MonoBleedingEdge/etc'
Using monoOptions --debugger-agent=transport=dt_socket,embedding=1,server=y,suspend=n,address=127.0.0.1:56536
Begin MonoManager ReloadAssembly
Registering precompiled unity dll's ...
Register platform support module: C:/Program Files/Unity/Hub/Editor/2020.3.6f1/Editor/Data/PlaybackEngines/WebGLSupport/UnityEditor.WebGL.Extensions.dll
Register platform support module: C:/Program Files/Unity/Hub/Editor/2020.3.6f1/Editor/Data/PlaybackEngines/WindowsStandaloneSupport/UnityEditor.WindowsStandalone.Extensions.dll
Registered in 0.006632 seconds.
Native extension for WindowsStandalone target not found
Native extension for WebGL target not found
Refreshing native plugins compatible for Editor in 58.04 ms, found 1 plugins.
Preloading 0 native plugins for Editor in 0.00 ms.
Mono: successfully reloaded assembly
- Completed reload, in  6.309 seconds
Platform modules already initialized, skipping
Registering precompiled user dll's ...
Registered in 0.132391 seconds.
Begin MonoManager ReloadAssembly
Native extension for WindowsStandalone target not found
Native extension for WebGL target not found
Refreshing native plugins compatible for Editor in 58.62 ms, found 1 plugins.
Preloading 0 native plugins for Editor in 0.00 ms.
Mono: successfully reloaded assembly
- Completed reload, in  1.773 seconds
Platform modules already initialized, skipping
========================================================================
Worker process is ready to serve import requests
Launched and connected shader compiler UnityShaderCompiler.exe after 0.14 seconds
Refreshing native plugins compatible for Editor in 0.57 ms, found 1 plugins.
Preloading 0 native plugins for Editor in 0.00 ms.
Unloading 1811 Unused Serialized files (Serialized files now loaded: 0)
System memory in use before: 85.6 MB.
System memory in use after: 85.5 MB.

Unloading 24 unused Assets to reduce memory usage. Loaded Objects now: 2256.
Total: 3.149500 ms (FindLiveObjects: 0.406200 ms CreateObjectMapping: 0.111000 ms MarkObjects: 2.430300 ms  DeleteObjects: 0.200600 ms)

========================================================================
Received Import Request.
  path: Assets/Sprites/Level 1/Слой_1.png
  artifactKey: Guid(3d8d0ca5bcfed894f92e6bfef193d5df) Importer(815301076,1909f56bfc062723c751e8b465ee728b)
Start importing Assets/Sprites/Level 1/Слой_1.png using Guid(3d8d0ca5bcfed894f92e6bfef193d5df) Importer(815301076,1909f56bfc062723c751e8b465ee728b)  -> (artifact id: '385dac7fb9287138dc56a1f65bfcde1e') in 0.288056 seconds
  Import took 0.292143 seconds .

========================================================================
Received Import Request.
  Time since last request: 0.000544 seconds.
  path: Assets/Sprites/Level 2/Слой_3-001.png
  artifactKey: Guid(d608ad70a44c63e4f8b27449d3cf0c5c) Importer(815301076,1909f56bfc062723c751e8b465ee728b)
Start importing Assets/Sprites/Level 2/Слой_3-001.png using Guid(d608ad70a44c63e4f8b27449d3cf0c5c) Importer(815301076,1909f56bfc062723c751e8b465ee728b)  -> (artifact id: '19910375ebd0b05e4afd173424e8ecd5') in 0.036164 seconds
  Import took 0.053108 seconds .

========================================================================
Received Import Request.
  Time since last request: 0.000392 seconds.
  path: Assets/Sprites/zombie/Слой_7-003.png
  artifactKey: Guid(d545a2e159b3d40488b641ea2ef7dc3b) Importer(815301076,1909f56bfc062723c751e8b465ee728b)
Start importing Assets/Sprites/zombie/Слой_7-003.png using Guid(d545a2e159b3d40488b641ea2ef7dc3b) Importer(815301076,1909f56bfc062723c751e8b465ee728b)  -> (artifact id: '50fc0cf212ed60f2955876030a541466') in 0.028974 seconds
  Import took 0.032639 seconds .

========================================================================
Received Import Request.
  Time since last request: 0.000344 seconds.
  path: Assets/Sprites/Level 2/Слой_2-001.png
  artifactKey: Guid(6ebf05f7055475646a455cb876ec813a) Importer(815301076,1909f56bfc062723c751e8b465ee728b)
Start importing Assets/Sprites/Level 2/Слой_2-001.png using Guid(6ebf05f7055475646a455cb876ec813a) Importer(815301076,1909f56bfc062723c751e8b465ee728b)  -> (artifact id: 'f5c98384859aed50a5bfcb56391ad9c2') in 0.029932 seconds
  Import took 0.033893 seconds .

========================================================================
Received Import Request.
  Time since last request: 0.000343 seconds.
  path: Assets/Sprites/GNOME/head.png
  artifactKey: Guid(35d62a22c6d2eae46a8bffe03e555eaf) Importer(815301076,1909f56bfc062723c751e8b465ee728b)
Start importing Assets/Sprites/GNOME/head.png using Guid(35d62a22c6d2eae46a8bffe03e555eaf) Importer(815301076,1909f56bfc062723c751e8b465ee728b)  -> (artifact id: '53e4a7f26c6e6d4a06d1ad635c048295') in 0.054031 seconds
  Import took 0.076576 seconds .

========================================================================
Received Import Request.
  Time since last request: 0.000461 seconds.
  path: Assets/Prefabs/GNOME.prefab
  artifactKey: Guid(fb0758f39fb9ec34983defa8c4fac4d3) Importer(815301076,1909f56bfc062723c751e8b465ee728b)
Start importing Assets/Prefabs/GNOME.prefab using Guid(fb0758f39fb9ec34983defa8c4fac4d3) Importer(815301076,1909f56bfc062723c751e8b465ee728b)  -> (artifact id: 'cf06e4ab7ada5fbcc2ac8eaac16804b9') in 0.249245 seconds
  Import took 0.253926 seconds .

========================================================================
Received Import Request.
  Time since last request: 0.000370 seconds.
  path: Assets/Sprites/ghost/Слой_5-004.png
  artifactKey: Guid(e424f7bad355ef847ba90d1f89b7c3a8) Importer(815301076,1909f56bfc062723c751e8b465ee728b)
Start importing Assets/Sprites/ghost/Слой_5-004.png using Guid(e424f7bad355ef847ba90d1f89b7c3a8) Importer(815301076,1909f56bfc062723c751e8b465ee728b)  -> (artifact id: 'befeb0460fd6c77c754d6a3d4884fdb9') in 0.045071 seconds
  Import took 0.048572 seconds .

========================================================================
Received Import Request.
  Time since last request: 0.000388 seconds.
  path: Assets/Sprites/Level 1/Слой_3.png
  artifactKey: Guid(5a8d90ebc14fa4b4b870216da98cd521) Importer(815301076,1909f56bfc062723c751e8b465ee728b)
Start importing Assets/Sprites/Level 1/Слой_3.png using Guid(5a8d90ebc14fa4b4b870216da98cd521) Importer(815301076,1909f56bfc062723c751e8b465ee728b)  -> (artifact id: 'd3305e063c565a1b2aa1185c02afe236') in 0.094099 seconds
  Import took 0.097814 seconds .

========================================================================
Received Import Request.
  Time since last request: 0.000358 seconds.
  path: Assets/Sprites/zombie/Слой_5-003.png
  artifactKey: Guid(019b7d76983b4864a97c1ac93a3e3b37) Importer(815301076,1909f56bfc062723c751e8b465ee728b)
Start importing Assets/Sprites/zombie/Слой_5-003.png using Guid(019b7d76983b4864a97c1ac93a3e3b37) Importer(815301076,1909f56bfc062723c751e8b465ee728b)  -> (artifact id: '50817a1c104b73ec68c8ba9e5eb225dc') in 0.083579 seconds
  Import took 0.087415 seconds .

========================================================================
Received Import Request.
  Time since last request: 0.000310 seconds.
  path: Assets/Sprites/Level 2/Слой_6-001.png
  artifactKey: Guid(a5da8186bf02f3e46b7b2b26350a7806) Importer(815301076,1909f56bfc062723c751e8b465ee728b)
Start importing Assets/Sprites/Level 2/Слой_6-001.png using Guid(a5da8186bf02f3e46b7b2b26350a7806) Importer(815301076,1909f56bfc062723c751e8b465ee728b)  -> (artifact id: 'c9e4d8ec82a509b164fd07ac4a101248') in 0.058620 seconds
  Import took 0.062114 seconds .

========================================================================
Received Import Request.
  Time since last request: 0.000323 seconds.
  path: Assets/Sprites/ghost/Слой_8-003.png
  artifactKey: Guid(ab2187c0bcbc5b54c9984b94156eead2) Importer(815301076,1909f56bfc062723c751e8b465ee728b)
Start importing Assets/Sprites/ghost/Слой_8-003.png using Guid(ab2187c0bcbc5b54c9984b94156eead2) Importer(815301076,1909f56bfc062723c751e8b465ee728b)  -> (artifact id: 'f089e2de9c5a078dbd89bd36d4c18fa0') in 0.012758 seconds
  Import took 0.032943 seconds .

========================================================================
Received Import Request.
  Time since last request: 0.000335 seconds.
  path: Assets/Sprites/GNOME/body.png
  artifactKey: Guid(7f68f41e37099f7498c9c3396a2e9fae) Importer(815301076,1909f56bfc062723c751e8b465ee728b)
Start importing Assets/Sprites/GNOME/body.png using Guid(7f68f41e37099f7498c9c3396a2e9fae) Importer(815301076,1909f56bfc062723c751e8b465ee728b)  -> (artifact id: '7473454367793a7da5dc52e52f002666') in 0.016756 seconds
  Import took 0.048981 seconds .

========================================================================
Received Import Request.
  Time since last request: 0.000360 seconds.
  path: Assets/Sprites/Level 2/Слой_6-002.png
  artifactKey: Guid(ac34bf0c792683143a5514bf95f86682) Importer(815301076,1909f56bfc062723c751e8b465ee728b)
Start importing Assets/Sprites/Level 2/Слой_6-002.png using Guid(ac34bf0c792683143a5514bf95f86682) Importer(815301076,1909f56bfc062723c751e8b465ee728b)  -> (artifact id: '90ea37cde956ab5465a6a51563384f47') in 0.034318 seconds
  Import took 0.051911 seconds .

========================================================================
Received Import Request.
  Time since last request: 0.000325 seconds.
  path: Assets/Sprites/Level 2/Фон-001.png
  artifactKey: Guid(17f8bb78082af4e48a2feb6f0debef08) Importer(815301076,1909f56bfc062723c751e8b465ee728b)
Start importing Assets/Sprites/Level 2/Фон-001.png using Guid(17f8bb78082af4e48a2feb6f0debef08) Importer(815301076,1909f56bfc062723c751e8b465ee728b)  -> (artifact id: '8b7faac5dc840fd702e1b4b44ba9f1a7') in 0.033990 seconds
  Import took 0.071700 seconds .

========================================================================
Received Import Request.
  Time since last request: 0.000319 seconds.
  path: Assets/Sprites/ghost/Слой_4-004.png
  artifactKey: Guid(e65774bb5ea315140b4f7e4d8ed0498e) Importer(815301076,1909f56bfc062723c751e8b465ee728b)
Start importing Assets/Sprites/ghost/Слой_4-004.png using Guid(e65774bb5ea315140b4f7e4d8ed0498e) Importer(815301076,1909f56bfc062723c751e8b465ee728b)  -> (artifact id: '71d84974ede0592f49f3e14f379d99fa') in 0.029730 seconds
  Import took 0.034084 seconds .

========================================================================
Received Import Request.
  Time since last request: 0.000434 seconds.
  path: Assets/Sprites/Level 1/Слой_4.png
  artifactKey: Guid(4916fc037c1ca224bb49aea6b9aebfff) Importer(815301076,1909f56bfc062723c751e8b465ee728b)
Start importing Assets/Sprites/Level 1/Слой_4.png using Guid(4916fc037c1ca224bb49aea6b9aebfff) Importer(815301076,1909f56bfc062723c751e8b465ee728b)  -> (artifact id: 'b3256ca53626d3ba37ba4875dc7d7293') in 0.097135 seconds
  Import took 0.102558 seconds .

========================================================================
Received Import Request.
  Time since last request: 0.000323 seconds.
  path: Assets/Sprites/Level 2/Слой_4-001.png
  artifactKey: Guid(6e8c204529be76e4d9713c501d9160d3) Importer(815301076,1909f56bfc062723c751e8b465ee728b)
Start importing Assets/Sprites/Level 2/Слой_4-001.png using Guid(6e8c204529be76e4d9713c501d9160d3) Importer(815301076,1909f56bfc062723c751e8b465ee728b)  -> (artifact id: '9238948f77d41adac221f4897fc97a0f') in 0.015563 seconds
  Import took 0.046948 seconds .

========================================================================
Received Import Request.
  Time since last request: 0.000345 seconds.
  path: Assets/Sprites/Level 2/Слой_7-002.png
  artifactKey: Guid(c64d7ae4e4b530b4c9bcbd3a5590131a) Importer(815301076,1909f56bfc062723c751e8b465ee728b)
Start importing Assets/Sprites/Level 2/Слой_7-002.png using Guid(c64d7ae4e4b530b4c9bcbd3a5590131a) Importer(815301076,1909f56bfc062723c751e8b465ee728b)  -> (artifact id: '21b0a34aed841d548fde582d7123d7ac') in 0.096410 seconds
  Import took 0.114007 seconds .

========================================================================
Received Import Request.
  Time since last request: 0.000314 seconds.
  path: Assets/Sprites/Level 1/Слой_2.png
  artifactKey: Guid(b35f3a1017ed9de48b5171beac602a79) Importer(815301076,1909f56bfc062723c751e8b465ee728b)
Start importing Assets/Sprites/Level 1/Слой_2.png using Guid(b35f3a1017ed9de48b5171beac602a79) Importer(815301076,1909f56bfc062723c751e8b465ee728b)  -> (artifact id: '7d372897f0374eda897ce5b60b79cd8c') in 0.085678 seconds
  Import took 0.089180 seconds .

========================================================================
Received Import Request.
  Time since last request: 0.000356 seconds.
  path: Assets/Sprites/Level 2/Слой_4-002.png
  artifactKey: Guid(d7fff635ee4f60d40855831c435d1ae4) Importer(815301076,1909f56bfc062723c751e8b465ee728b)
Start importing Assets/Sprites/Level 2/Слой_4-002.png using Guid(d7fff635ee4f60d40855831c435d1ae4) Importer(815301076,1909f56bfc062723c751e8b465ee728b)  -> (artifact id: 'd5e470f29af12ab58e05ca083271aa32') in 0.118419 seconds
  Import took 0.148994 seconds .

========================================================================
Received Import Request.
  Time since last request: 0.000347 seconds.
  path: Assets/Sprites/GNOME/leg2.png
  artifactKey: Guid(4e7e5b7ac6f40c248957bcfed766414e) Importer(815301076,1909f56bfc062723c751e8b465ee728b)
Start importing Assets/Sprites/GNOME/leg2.png using Guid(4e7e5b7ac6f40c248957bcfed766414e) Importer(815301076,1909f56bfc062723c751e8b465ee728b)  -> (artifact id: '51b29968e873bffb6a173c39d4436104') in 0.013310 seconds
  Import took 0.017853 seconds .

========================================================================
Received Import Request.
  Time since last request: 0.000345 seconds.
  path: Assets/Sprites/GNOME/flame_3.png
  artifactKey: Guid(4de239b4882d4324db62b07eb27bb9ba) Importer(815301076,1909f56bfc062723c751e8b465ee728b)
Start importing Assets/Sprites/GNOME/flame_3.png using Guid(4de239b4882d4324db62b07eb27bb9ba) Importer(815301076,1909f56bfc062723c751e8b465ee728b)  -> (artifact id: '93332f861249d88029e8c7720e3f5990') in 0.019704 seconds
  Import took 0.023943 seconds .

========================================================================
Received Import Request.
  Time since last request: 0.000320 seconds.
  path: Assets/Sprites/GNOME/flame.png
  artifactKey: Guid(cea1b1ae0b0fe384b91b49107dfd3a72) Importer(815301076,1909f56bfc062723c751e8b465ee728b)
Start importing Assets/Sprites/GNOME/flame.png using Guid(cea1b1ae0b0fe384b91b49107dfd3a72) Importer(815301076,1909f56bfc062723c751e8b465ee728b)  -> (artifact id: 'c29949aa27c45a0bf8dbc36fd4b38375') in 0.012943 seconds
  Import took 0.043723 seconds .

========================================================================
Received Import Request.
  Time since last request: 0.000385 seconds.
  path: Assets/Sprites/zombie/Слой_4-003.png
  artifactKey: Guid(5e992e03571547c44b234794356a88e6) Importer(815301076,1909f56bfc062723c751e8b465ee728b)
Start importing Assets/Sprites/zombie/Слой_4-003.png using Guid(5e992e03571547c44b234794356a88e6) Importer(815301076,1909f56bfc062723c751e8b465ee728b)  -> (artifact id: '90721e06fd20c2e77be717e689bc49d8') in 0.024404 seconds
  Import took 0.028478 seconds .

========================================================================
Received Import Request.
  Time since last request: 0.000356 seconds.
  path: Assets/Prefabs/GroundRight.prefab
  artifactKey: Guid(9d2007c37db90ff49869c9c7da668ca1) Importer(815301076,1909f56bfc062723c751e8b465ee728b)
Start importing Assets/Prefabs/GroundRight.prefab using Guid(9d2007c37db90ff49869c9c7da668ca1) Importer(815301076,1909f56bfc062723c751e8b465ee728b)  -> (artifact id: 'fbcc81073f89c607fb333d9029e71a56') in 0.158802 seconds
  Import took 0.174497 seconds .

========================================================================
Received Import Request.
  Time since last request: 0.000272 seconds.
  path: Assets/Sprites/Level 2/Слой_4.png
  artifactKey: Guid(c4606a7ec33625c45acbb1db9aedfd62) Importer(815301076,1909f56bfc062723c751e8b465ee728b)
Start importing Assets/Sprites/Level 2/Слой_4.png using Guid(c4606a7ec33625c45acbb1db9aedfd62) Importer(815301076,1909f56bfc062723c751e8b465ee728b)  -> (artifact id: '4568d3fbc4b2142a5e997f591083274a') in 0.053754 seconds
  Import took 0.057194 seconds .

========================================================================
Received Import Request.
  Time since last request: 0.000326 seconds.
  path: Assets/Sprites/Level 1/Фон.png
  artifactKey: Guid(a0162e7cd3237d94e9fb726f52307b56) Importer(815301076,1909f56bfc062723c751e8b465ee728b)
Start importing Assets/Sprites/Level 1/Фон.png using Guid(a0162e7cd3237d94e9fb726f52307b56) Importer(815301076,1909f56bfc062723c751e8b465ee728b)  -> (artifact id: '3a9d7cf57b692b5ea117127c6384e20e') in 0.053506 seconds
  Import took 0.057204 seconds .

========================================================================
Received Import Request.
  Time since last request: 0.000321 seconds.
  path: Assets/Sprites/zombie/Слой_6-003.png
  artifactKey: Guid(79e64582491bf2d4db4ce58373643456) Importer(815301076,1909f56bfc062723c751e8b465ee728b)
Start importing Assets/Sprites/zombie/Слой_6-003.png using Guid(79e64582491bf2d4db4ce58373643456) Importer(815301076,1909f56bfc062723c751e8b465ee728b)  -> (artifact id: '7c11f9d2ddf9c52bf4d99d9e4c7cb9ed') in 0.068245 seconds
  Import took 0.072542 seconds .

========================================================================
Received Import Request.
  Time since last request: 0.000334 seconds.
  path: Assets/Sprites/Level 1/Слой_5.png
  artifactKey: Guid(36e328d2410930d489609c1d192e5238) Importer(815301076,1909f56bfc062723c751e8b465ee728b)
Start importing Assets/Sprites/Level 1/Слой_5.png using Guid(36e328d2410930d489609c1d192e5238) Importer(815301076,1909f56bfc062723c751e8b465ee728b)  -> (artifact id: '831ce4ae5fd04d04a3a9c75d7fa3b68c') in 0.062548 seconds
  Import took 0.066374 seconds .

========================================================================
Received Import Request.
  Time since last request: 0.000521 seconds.
  path: Assets/Sprites/Level 2/Слой_1.png
  artifactKey: Guid(3633610aa8239b1478fc41a106e58f50) Importer(815301076,1909f56bfc062723c751e8b465ee728b)
Start importing Assets/Sprites/Level 2/Слой_1.png using Guid(3633610aa8239b1478fc41a106e58f50) Importer(815301076,1909f56bfc062723c751e8b465ee728b)  -> (artifact id: 'd4da40e10c2c37893fdcfa16891e23ff') in 0.040752 seconds
  Import took 0.055983 seconds .

========================================================================
Received Import Request.
  Time since last request: 0.000324 seconds.
  path: Assets/Sprites/GNOME/hand1.png
  artifactKey: Guid(9cdb0be8841de8c42893389f785ff1e6) Importer(815301076,1909f56bfc062723c751e8b465ee728b)
Start importing Assets/Sprites/GNOME/hand1.png using Guid(9cdb0be8841de8c42893389f785ff1e6) Importer(815301076,1909f56bfc062723c751e8b465ee728b)  -> (artifact id: '7d90926c8e545de367962f392f5e5509') in 0.014774 seconds
  Import took 0.019367 seconds .

========================================================================
Received Import Request.
  Time since last request: 0.000540 seconds.
  path: Assets/Sprites/Level 2/Слой_2-002.png
  artifactKey: Guid(3f2f87f6113375a489588c6d39cbdc85) Importer(815301076,1909f56bfc062723c751e8b465ee728b)
Start importing Assets/Sprites/Level 2/Слой_2-002.png using Guid(3f2f87f6113375a489588c6d39cbdc85) Importer(815301076,1909f56bfc062723c751e8b465ee728b)  -> (artifact id: 'c40b856dcf644221e6a14476086a459a') in 0.016241 seconds
  Import took 0.047605 seconds .

========================================================================
Received Import Request.
  Time since last request: 0.000413 seconds.
  path: Assets/Sprites/GNOME/leg1.png
  artifactKey: Guid(d3e7b6d9215d80c4ab33b48495def7dc) Importer(815301076,1909f56bfc062723c751e8b465ee728b)
Start importing Assets/Sprites/GNOME/leg1.png using Guid(d3e7b6d9215d80c4ab33b48495def7dc) Importer(815301076,1909f56bfc062723c751e8b465ee728b)  -> (artifact id: 'f93ea3cf4e338b749afe735ceeb47b70') in 0.015563 seconds
  Import took 0.037994 seconds .

========================================================================
Received Import Request.
  Time since last request: 0.000333 seconds.
  path: Assets/Sprites/zombie/Слой_1-001.png
  artifactKey: Guid(ab630e5d34c852b419a8096542d0f87b) Importer(815301076,1909f56bfc062723c751e8b465ee728b)
Start importing Assets/Sprites/zombie/Слой_1-001.png using Guid(ab630e5d34c852b419a8096542d0f87b) Importer(815301076,1909f56bfc062723c751e8b465ee728b)  -> (artifact id: 'e9c9371e75032d537ddbca74a20701b9') in 0.015577 seconds
  Import took 0.034451 seconds .

========================================================================
Received Import Request.
  Time since last request: 0.000518 seconds.
  path: Assets/Sprites/Level 1/Слой_7.png
  artifactKey: Guid(89bcd947f314d824591bb8488bf18307) Importer(815301076,1909f56bfc062723c751e8b465ee728b)
Start importing Assets/Sprites/Level 1/Слой_7.png using Guid(89bcd947f314d824591bb8488bf18307) Importer(815301076,1909f56bfc062723c751e8b465ee728b)  -> (artifact id: 'a91c2de8770ef1ba15c77646c91a195b') in 0.018513 seconds
  Import took 0.035394 seconds .

========================================================================
Received Import Request.
  Time since last request: 0.000406 seconds.
  path: Assets/Sprites/Level 2/GNOME (1) Variant.prefab
  artifactKey: Guid(98d4047131397044c832d260a04b48d8) Importer(815301076,1909f56bfc062723c751e8b465ee728b)
Start importing Assets/Sprites/Level 2/GNOME (1) Variant.prefab using Guid(98d4047131397044c832d260a04b48d8) Importer(815301076,1909f56bfc062723c751e8b465ee728b)  -> (artifact id: '3b3e722cc988a94edfe2eaef75f37301') in 0.049950 seconds
  Import took 0.063673 seconds .

========================================================================
Received Import Request.
  Time since last request: 0.000394 seconds.
  path: Assets/Prefabs/GroundLeft.prefab
  artifactKey: Guid(eb6cf4613c5334145a100dbc9d120186) Importer(815301076,1909f56bfc062723c751e8b465ee728b)
Start importing Assets/Prefabs/GroundLeft.prefab using Guid(eb6cf4613c5334145a100dbc9d120186) Importer(815301076,1909f56bfc062723c751e8b465ee728b)  -> (artifact id: '46708b02a4ba98a49f3210314bbddb10') in 0.088080 seconds
  Import took 0.093074 seconds .

========================================================================
Received Import Request.
  Time since last request: 0.000397 seconds.
  path: Assets/Sprites/Level 2/Слой_8-001.png
  artifactKey: Guid(9a7df8764618fbc449aca200161074f5) Importer(815301076,1909f56bfc062723c751e8b465ee728b)
Start importing Assets/Sprites/Level 2/Слой_8-001.png using Guid(9a7df8764618fbc449aca200161074f5) Importer(815301076,1909f56bfc062723c751e8b465ee728b)  -> (artifact id: '06fc18c18ce8740bf2123faf5e51d56e') in 0.012276 seconds
  Import took 0.036856 seconds .

========================================================================
Received Import Request.
  Time since last request: 0.000358 seconds.
  path: Assets/Prefabs/Stone.prefab
  artifactKey: Guid(fd467ccfaf2fce742ab45c6f502f79be) Importer(815301076,1909f56bfc062723c751e8b465ee728b)
Start importing Assets/Prefabs/Stone.prefab using Guid(fd467ccfaf2fce742ab45c6f502f79be) Importer(815301076,1909f56bfc062723c751e8b465ee728b)  -> (artifact id: '8a4a16a5a7588f8810f3100c61e1e0da') in 0.011145 seconds
  Import took 0.019607 seconds .

========================================================================
Received Import Request.
  Time since last request: 0.000349 seconds.
  path: Assets/Animations/zombie/zombie.controller
  artifactKey: Guid(1791e97b649555e4493268f668f8db1a) Importer(815301076,1909f56bfc062723c751e8b465ee728b)
Start importing Assets/Animations/zombie/zombie.controller using Guid(1791e97b649555e4493268f668f8db1a) Importer(815301076,1909f56bfc062723c751e8b465ee728b)  -> (artifact id: 'e5472fe21e16ff044c9c008932bb4008') in 0.079498 seconds
  Import took 0.083837 seconds .

========================================================================
Received Import Request.
  Time since last request: 0.000310 seconds.
  path: Assets/Sprites/ghost/Слой_7-004.png
  artifactKey: Guid(60a2aabf34d2b2647880f756f96f0dc5) Importer(815301076,1909f56bfc062723c751e8b465ee728b)
Start importing Assets/Sprites/ghost/Слой_7-004.png using Guid(60a2aabf34d2b2647880f756f96f0dc5) Importer(815301076,1909f56bfc062723c751e8b465ee728b)  -> (artifact id: '4c19ddb23c5096f91561c940fb55039d') in 0.058995 seconds
  Import took 0.062657 seconds .

========================================================================
Received Import Request.
  Time since last request: 0.000394 seconds.
  path: Assets/Sprites/Level 2/Слой_8-002.png
  artifactKey: Guid(b4b1e05b13837bb4fb6c5f62f7a993a5) Importer(815301076,1909f56bfc062723c751e8b465ee728b)
Start importing Assets/Sprites/Level 2/Слой_8-002.png using Guid(b4b1e05b13837bb4fb6c5f62f7a993a5) Importer(815301076,1909f56bfc062723c751e8b465ee728b)  -> (artifact id: '7238da1189472905ab4d18adc32793ce') in 0.076359 seconds
  Import took 0.079952 seconds .

========================================================================
Received Import Request.
  Time since last request: 0.000318 seconds.
  path: Assets/Sprites/Level 2/Слой_5-001.png
  artifactKey: Guid(44cf1040198a28548849464383739a87) Importer(815301076,1909f56bfc062723c751e8b465ee728b)
Start importing Assets/Sprites/Level 2/Слой_5-001.png using Guid(44cf1040198a28548849464383739a87) Importer(815301076,1909f56bfc062723c751e8b465ee728b)  -> (artifact id: '36e23652f9d3093cda1ed40372ce7fc4') in 0.046386 seconds
  Import took 0.062773 seconds .

========================================================================
Received Import Request.
  Time since last request: 0.000319 seconds.
  path: Assets/Sprites/Level 2/Слой 11.png
  artifactKey: Guid(7087094a682436c479619220475d0565) Importer(815301076,1909f56bfc062723c751e8b465ee728b)
Start importing Assets/Sprites/Level 2/Слой 11.png using Guid(7087094a682436c479619220475d0565) Importer(815301076,1909f56bfc062723c751e8b465ee728b)  -> (artifact id: '3d342460fd7a24929e82ba3ea08876c1') in 0.024235 seconds
  Import took 0.036656 seconds .

========================================================================
Received Import Request.
  Time since last request: 0.000340 seconds.
  path: Assets/Sprites/GNOME/hand2.png
  artifactKey: Guid(e64ae4bb399573744a0246cf291e25c8) Importer(815301076,1909f56bfc062723c751e8b465ee728b)
Start importing Assets/Sprites/GNOME/hand2.png using Guid(e64ae4bb399573744a0246cf291e25c8) Importer(815301076,1909f56bfc062723c751e8b465ee728b)  -> (artifact id: '82467377bb8118e84032ccdcd66cd657') in 0.014865 seconds
  Import took 0.018973 seconds .

========================================================================
Received Import Request.
  Time since last request: 0.000337 seconds.
  path: Assets/Sprites/Level 2/Слой_5-002.png
  artifactKey: Guid(a168a3126fe9a60479b04084894fb315) Importer(815301076,1909f56bfc062723c751e8b465ee728b)
Start importing Assets/Sprites/Level 2/Слой_5-002.png using Guid(a168a3126fe9a60479b04084894fb315) Importer(815301076,1909f56bfc062723c751e8b465ee728b)  -> (artifact id: 'a35e5e9d675969f1752f2a9cbeeb6ff6') in 0.039423 seconds
  Import took 0.043324 seconds .

========================================================================
Received Import Request.
  Time since last request: 0.000308 seconds.
  path: Assets/Sprites/ghost/Слой_3-004.png
  artifactKey: Guid(18b3a8a26b049b0479e66cd8712ba3f6) Importer(815301076,1909f56bfc062723c751e8b465ee728b)
Start importing Assets/Sprites/ghost/Слой_3-004.png using Guid(18b3a8a26b049b0479e66cd8712ba3f6) Importer(815301076,1909f56bfc062723c751e8b465ee728b)  -> (artifact id: '5aa310b4e3c534971ee9a5bc2a16c2b9') in 0.053688 seconds
  Import took 0.057343 seconds .

========================================================================
Received Import Request.
  Time since last request: 0.000320 seconds.
  path: Assets/Sprites/zombie/Слой_3-003.png
  artifactKey: Guid(b5ef771be34d4584faa83d526ea975d1) Importer(815301076,1909f56bfc062723c751e8b465ee728b)
Start importing Assets/Sprites/zombie/Слой_3-003.png using Guid(b5ef771be34d4584faa83d526ea975d1) Importer(815301076,1909f56bfc062723c751e8b465ee728b)  -> (artifact id: '73a92172e8ae7ba21624fa7003e3a227') in 0.116980 seconds
  Import took 0.121123 seconds .

========================================================================
Received Import Request.
  Time since last request: 0.000360 seconds.
  path: Assets/Sprites/ghost/New Material.mat
  artifactKey: Guid(caaf1cdee60e2804cabb4ae656e2fa14) Importer(815301076,1909f56bfc062723c751e8b465ee728b)
Start importing Assets/Sprites/ghost/New Material.mat using Guid(caaf1cdee60e2804cabb4ae656e2fa14) Importer(815301076,1909f56bfc062723c751e8b465ee728b)  -> (artifact id: '118d4491345c5b86118a69196ef36c66') in 0.288905 seconds
  Import took 0.293388 seconds .

========================================================================
Received Import Request.
  Time since last request: 0.000714 seconds.
  path: Assets/Sprites/GNOME/torch.png
  artifactKey: Guid(4130ae4da7dcf864786f4ed8276a4b58) Importer(815301076,1909f56bfc062723c751e8b465ee728b)
Start importing Assets/Sprites/GNOME/torch.png using Guid(4130ae4da7dcf864786f4ed8276a4b58) Importer(815301076,1909f56bfc062723c751e8b465ee728b)  -> (artifact id: '757ca8524413183e5fb18d9caa5ef620') in 0.143264 seconds
  Import took 0.150545 seconds .

========================================================================
Received Import Request.
  Time since last request: 0.000453 seconds.
  path: Assets/Sprites/Level 1/Слой 10.png
  artifactKey: Guid(a40e89a8201e06b4d9b42d84e20b5960) Importer(815301076,1909f56bfc062723c751e8b465ee728b)
Start importing Assets/Sprites/Level 1/Слой 10.png using Guid(a40e89a8201e06b4d9b42d84e20b5960) Importer(815301076,1909f56bfc062723c751e8b465ee728b)  -> (artifact id: '4c4510244d00c9c60ceb718fad67894f') in 0.087982 seconds
  Import took 0.094022 seconds .

========================================================================
Received Import Request.
  Time since last request: 0.000348 seconds.
  path: Assets/Sprites/ghost/Слой_6-004.png
  artifactKey: Guid(995afef0185dc144ba5220110f6ed868) Importer(815301076,1909f56bfc062723c751e8b465ee728b)
Start importing Assets/Sprites/ghost/Слой_6-004.png using Guid(995afef0185dc144ba5220110f6ed868) Importer(815301076,1909f56bfc062723c751e8b465ee728b)  -> (artifact id: 'aea257852e708f609d4e62546fd085fd') in 0.012857 seconds
  Import took 0.016978 seconds .

========================================================================
Received Import Request.
  Time since last request: 0.000405 seconds.
  path: Assets/Sprites/GNOME/bag.png
  artifactKey: Guid(4ceab03022092f2418d120c7117dd35a) Importer(815301076,1909f56bfc062723c751e8b465ee728b)
Start importing Assets/Sprites/GNOME/bag.png using Guid(4ceab03022092f2418d120c7117dd35a) Importer(815301076,1909f56bfc062723c751e8b465ee728b)  -> (artifact id: '26e5afaeb74e35bb6749f14d88fc4793') in 0.017560 seconds
  Import took 0.045315 seconds .

========================================================================
Received Import Request.
  Time since last request: 0.000504 seconds.
  path: Assets/Sprites/Level 2/New Material.mat
  artifactKey: Guid(1817c022ab9f8f74a95b7e98aea982e4) Importer(815301076,1909f56bfc062723c751e8b465ee728b)
Start importing Assets/Sprites/Level 2/New Material.mat using Guid(1817c022ab9f8f74a95b7e98aea982e4) Importer(815301076,1909f56bfc062723c751e8b465ee728b)  -> (artifact id: 'b979b63c2e37d72f8036f746f705fa22') in 0.026441 seconds
  Import took 0.041576 seconds .

========================================================================
Received Import Request.
  Time since last request: 0.000453 seconds.
  path: Assets/Sprites/Level 2/Слой_2.png
  artifactKey: Guid(d996d0314177faf42a7173dfe5708b2c) Importer(815301076,1909f56bfc062723c751e8b465ee728b)
Start importing Assets/Sprites/Level 2/Слой_2.png using Guid(d996d0314177faf42a7173dfe5708b2c) Importer(815301076,1909f56bfc062723c751e8b465ee728b)  -> (artifact id: '1add30b9101f42ff9327fb4f551d75b2') in 0.012369 seconds
  Import took 0.039711 seconds .

========================================================================
Received Import Request.
  Time since last request: 0.000399 seconds.
  path: Assets/Sprites/Level 2/Слой_3-002.png
  artifactKey: Guid(0d8e1c0466b726e41b809c4c0d5dc1d4) Importer(815301076,1909f56bfc062723c751e8b465ee728b)
Start importing Assets/Sprites/Level 2/Слой_3-002.png using Guid(0d8e1c0466b726e41b809c4c0d5dc1d4) Importer(815301076,1909f56bfc062723c751e8b465ee728b)  -> (artifact id: 'f6df974f3195e9989e2191a203378d77') in 0.016690 seconds
  Import took 0.020965 seconds .

========================================================================
Received Import Request.
  Time since last request: 0.000394 seconds.
  path: Assets/Sprites/Level 2/Слой_7-001.png
  artifactKey: Guid(8931254d0285d6746b8543102699d2d9) Importer(815301076,1909f56bfc062723c751e8b465ee728b)
Start importing Assets/Sprites/Level 2/Слой_7-001.png using Guid(8931254d0285d6746b8543102699d2d9) Importer(815301076,1909f56bfc062723c751e8b465ee728b)  -> (artifact id: 'b6cec27ff60d9c57304976ccce33fb6c') in 0.126582 seconds
  Import took 0.143438 seconds .

========================================================================
Received Import Request.
  Time since last request: 0.000427 seconds.
  path: Assets/Sprites/Level 2/Слой_10.png
  artifactKey: Guid(911f63ecf4c1bd740b76c0764dd272b0) Importer(815301076,1909f56bfc062723c751e8b465ee728b)
Start importing Assets/Sprites/Level 2/Слой_10.png using Guid(911f63ecf4c1bd740b76c0764dd272b0) Importer(815301076,1909f56bfc062723c751e8b465ee728b)  -> (artifact id: '8865037a525604bc353f79224191763a') in 0.101529 seconds
  Import took 0.107110 seconds .

========================================================================
Received Import Request.
  Time since last request: 0.000437 seconds.
  path: Assets/Sprites/Level 1/Слой_6.png
  artifactKey: Guid(73230ec86f4b95342b6f7e4e4b2b28c3) Importer(815301076,1909f56bfc062723c751e8b465ee728b)
Start importing Assets/Sprites/Level 1/Слой_6.png using Guid(73230ec86f4b95342b6f7e4e4b2b28c3) Importer(815301076,1909f56bfc062723c751e8b465ee728b)  -> (artifact id: '7588b99ee724b7a9f93852e1dbf5b949') in 0.083161 seconds
  Import took 0.087917 seconds .

========================================================================
Received Import Request.
  Time since last request: 0.000298 seconds.
  path: Assets/Sprites/Level 1/Слой_9.png
  artifactKey: Guid(498b3cf3c0911894a9943c21756699f9) Importer(815301076,1909f56bfc062723c751e8b465ee728b)
Start importing Assets/Sprites/Level 1/Слой_9.png using Guid(498b3cf3c0911894a9943c21756699f9) Importer(815301076,1909f56bfc062723c751e8b465ee728b)  -> (artifact id: 'cb7297e1d3391f377dc5e314a26e7ed1') in 0.105503 seconds
  Import took 0.123788 seconds .

========================================================================
Received Import Request.
  Time since last request: 0.000483 seconds.
  path: Assets/Sprites/GNOME/pick.png
  artifactKey: Guid(9dfe0639a2a98924d950e10b2a6dc3e5) Importer(815301076,1909f56bfc062723c751e8b465ee728b)
Start importing Assets/Sprites/GNOME/pick.png using Guid(9dfe0639a2a98924d950e10b2a6dc3e5) Importer(815301076,1909f56bfc062723c751e8b465ee728b)  -> (artifact id: '795bb0e8d8ec861108dc7a7b8381e0c3') in 0.010978 seconds
  Import took 0.015137 seconds .

========================================================================
Received Import Request.
  Time since last request: 0.000427 seconds.
  path: Assets/Sprites/GNOME/New Material.mat
  artifactKey: Guid(bb454c1271b1b5b43bee5d9e5a726a98) Importer(815301076,1909f56bfc062723c751e8b465ee728b)
Start importing Assets/Sprites/GNOME/New Material.mat using Guid(bb454c1271b1b5b43bee5d9e5a726a98) Importer(815301076,1909f56bfc062723c751e8b465ee728b)  -> (artifact id: 'd19c2c4ea9f6793962fccf50f746f7d7') in 0.022116 seconds
  Import took 0.039119 seconds .

========================================================================
Received Import Request.
  Time since last request: 0.000467 seconds.
  path: Assets/Sprites/GNOME/flame_2.png
  artifactKey: Guid(916d351b1fca49c448f43f4ed5c2876b) Importer(815301076,1909f56bfc062723c751e8b465ee728b)
Start importing Assets/Sprites/GNOME/flame_2.png using Guid(916d351b1fca49c448f43f4ed5c2876b) Importer(815301076,1909f56bfc062723c751e8b465ee728b)  -> (artifact id: '8ea064b6e2f644420002ea3e4ac5155a') in 0.077372 seconds
  Import took 0.081368 seconds .

========================================================================
Received Import Request.
  Time since last request: 0.000511 seconds.
  path: Assets/Sprites/Level 2/Слой_9-001.png
  artifactKey: Guid(ce4bd64d1e9aac346b9febdbcf8b7fc6) Importer(815301076,1909f56bfc062723c751e8b465ee728b)
Start importing Assets/Sprites/Level 2/Слой_9-001.png using Guid(ce4bd64d1e9aac346b9febdbcf8b7fc6) Importer(815301076,1909f56bfc062723c751e8b465ee728b)  -> (artifact id: 'fc47fe707ebc3d0ff215a5a0e657ebc8') in 0.012210 seconds
  Import took 0.016978 seconds .

========================================================================
Received Import Request.
  Time since last request: 0.000468 seconds.
  path: Assets/Sprites/Level 1/Слой_8.png
  artifactKey: Guid(2426fe08db9a03f428abbd2b2d081b17) Importer(815301076,1909f56bfc062723c751e8b465ee728b)
Start importing Assets/Sprites/Level 1/Слой_8.png using Guid(2426fe08db9a03f428abbd2b2d081b17) Importer(815301076,1909f56bfc062723c751e8b465ee728b)  -> (artifact id: 'dc77f902c0445deaba4daba74995dc7e') in 0.011787 seconds
  Import took 0.016387 seconds .

========================================================================
Received Import Request.
  Time since last request: 0.000382 seconds.
  path: Assets/Sprites/Level 2/Слой_5.png
  artifactKey: Guid(05a7cecd30c3f174ba8358f55c3849e2) Importer(815301076,1909f56bfc062723c751e8b465ee728b)
Start importing Assets/Sprites/Level 2/Слой_5.png using Guid(05a7cecd30c3f174ba8358f55c3849e2) Importer(815301076,1909f56bfc062723c751e8b465ee728b)  -> (artifact id: 'c9a506d57627294ac9c683c09bd6bbbb') in 0.045659 seconds
  Import took 0.049537 seconds .

========================================================================
Received Import Request.
  Time since last request: 19.484819 seconds.
  path: Assets/Animations/hitFlame.anim
  artifactKey: Guid(c50c695a890be2c4d8cc76755aad335a) Importer(815301076,1909f56bfc062723c751e8b465ee728b)
Start importing Assets/Animations/hitFlame.anim using Guid(c50c695a890be2c4d8cc76755aad335a) Importer(815301076,1909f56bfc062723c751e8b465ee728b)  -> (artifact id: '17926bf798b859db54928d81fd289bd9') in 0.005600 seconds
  Import took 0.010146 seconds .

========================================================================
Received Import Request.
  Time since last request: 0.011317 seconds.
  path: Assets/Animations/hitFlame.anim
  artifactKey: Guid(c50c695a890be2c4d8cc76755aad335a) Importer(815301076,1909f56bfc062723c751e8b465ee728b)
Start importing Assets/Animations/hitFlame.anim using Guid(c50c695a890be2c4d8cc76755aad335a) Importer(815301076,1909f56bfc062723c751e8b465ee728b)  -> (artifact id: '17926bf798b859db54928d81fd289bd9') in 0.003204 seconds
  Import took 0.007593 seconds .

========================================================================
Received Import Request.
  Time since last request: 5.286569 seconds.
  path: Assets/Animations/hitPick.anim
  artifactKey: Guid(b1b4419014d2c14478b9edafe6628a62) Importer(815301076,1909f56bfc062723c751e8b465ee728b)
Start importing Assets/Animations/hitPick.anim using Guid(b1b4419014d2c14478b9edafe6628a62) Importer(815301076,1909f56bfc062723c751e8b465ee728b)  -> (artifact id: 'c070840e9844a9ade66a060df7f71426') in 0.004078 seconds
  Import took 0.009329 seconds .

========================================================================
Received Import Request.
  Time since last request: 0.004344 seconds.
  path: Assets/Animations/hitPick.anim
  artifactKey: Guid(b1b4419014d2c14478b9edafe6628a62) Importer(815301076,1909f56bfc062723c751e8b465ee728b)
Start importing Assets/Animations/hitPick.anim using Guid(b1b4419014d2c14478b9edafe6628a62) Importer(815301076,1909f56bfc062723c751e8b465ee728b)  -> (artifact id: 'c070840e9844a9ade66a060df7f71426') in 0.003237 seconds
  Import took 0.007456 seconds .

========================================================================
Received Import Request.
  Time since last request: 5.100251 seconds.
  path: Assets/Animations/runRight.anim
  artifactKey: Guid(45240e9cfc02e7f41a0abb1674a26c12) Importer(815301076,1909f56bfc062723c751e8b465ee728b)
Start importing Assets/Animations/runRight.anim using Guid(45240e9cfc02e7f41a0abb1674a26c12) Importer(815301076,1909f56bfc062723c751e8b465ee728b)  -> (artifact id: '1517b960c7384610de04666cb7bf40c0') in 0.006739 seconds
  Import took 0.024908 seconds .

========================================================================
Received Import Request.
  Time since last request: 25.427757 seconds.
  path: Assets/Animations/GNOME/GNOME.controller
  artifactKey: Guid(82e6a17aa950dc74686d465b35dc1945) Importer(815301076,1909f56bfc062723c751e8b465ee728b)
Start importing Assets/Animations/GNOME/GNOME.controller using Guid(82e6a17aa950dc74686d465b35dc1945) Importer(815301076,1909f56bfc062723c751e8b465ee728b)  -> (artifact id: '3e234d2ca331d4f109c494db984e49be') in 0.016762 seconds
  Import took 0.038278 seconds .

========================================================================
Received Import Request.
  Time since last request: 25.630393 seconds.
  path: Assets/Animations/GNOME/jump.anim
  artifactKey: Guid(eb2b0922f283be642890b33cd09e60c0) Importer(815301076,1909f56bfc062723c751e8b465ee728b)
Start importing Assets/Animations/GNOME/jump.anim using Guid(eb2b0922f283be642890b33cd09e60c0) Importer(815301076,1909f56bfc062723c751e8b465ee728b)  -> (artifact id: '74bde0dcb9898a35311324b8247b9482') in 0.004462 seconds
  Import took 0.009795 seconds .

========================================================================
Received Import Request.
  Time since last request: 0.003741 seconds.
  path: Assets/Animations/GNOME/jump.anim
  artifactKey: Guid(eb2b0922f283be642890b33cd09e60c0) Importer(815301076,1909f56bfc062723c751e8b465ee728b)
Start importing Assets/Animations/GNOME/jump.anim using Guid(eb2b0922f283be642890b33cd09e60c0) Importer(815301076,1909f56bfc062723c751e8b465ee728b)  -> (artifact id: '74bde0dcb9898a35311324b8247b9482') in 0.004779 seconds
  Import took 0.009088 seconds .

========================================================================
Received Import Request.
  Time since last request: 7.847229 seconds.
  path: Assets/Animations/GNOME/run.anim
  artifactKey: Guid(7341e272cdd76854f90183068825faa2) Importer(815301076,1909f56bfc062723c751e8b465ee728b)
Start importing Assets/Animations/GNOME/run.anim using Guid(7341e272cdd76854f90183068825faa2) Importer(815301076,1909f56bfc062723c751e8b465ee728b)  -> (artifact id: 'e04da696f77445cd1b57ae691eca5939') in 0.006915 seconds
  Import took 0.045935 seconds .

========================================================================
Received Prepare
Registering precompiled user dll's ...
Registered in 0.001360 seconds.
Begin MonoManager ReloadAssembly
Native extension for WindowsStandalone target not found
Native extension for WebGL target not found
Refreshing native plugins compatible for Editor in 0.55 ms, found 1 plugins.
Preloading 0 native plugins for Editor in 0.00 ms.
Mono: successfully reloaded assembly
- Completed reload, in  1.353 seconds
Platform modules already initialized, skipping
Refreshing native plugins compatible for Editor in 0.55 ms, found 1 plugins.
Preloading 0 native plugins for Editor in 0.00 ms.
Unloading 1806 Unused Serialized files (Serialized files now loaded: 0)
System memory in use before: 89.2 MB.
System memory in use after: 89.2 MB.

Unloading 12 unused Assets to reduce memory usage. Loaded Objects now: 2395.
Total: 2.899700 ms (FindLiveObjects: 0.350100 ms CreateObjectMapping: 0.091300 ms MarkObjects: 2.302700 ms  DeleteObjects: 0.154300 ms)

AssetImportWorkerClient::OnTransportError - code=2 error=End of file
